2010-04-15 04:47:25,737 - INFO - login user:datastream,r:0
2010-04-15 05:01:33,025 - INFO - login user:datastream,r:0
2010-04-15 05:01:52,613 - INFO - getfav,r:{"r": [{"Aero": "?act=board&board=Aero"}, {"DigiImage": "?act=board&board=DigiImage"}, {"FamilyLife": "?act=board&board=FamilyLife"}, {"Love": "?act=board&board=Love"}, {"Marvel": "?act=board&board=Marvel"}, {"Photo": "?act=board&board=Photo"}, {"Test": "?act=board&board=Test"}], "l": 1}
2010-04-15 05:04:42,899 - INFO - login user:datastream,r:0
2010-04-15 21:05:17,626 - INFO - login user:datastream,r:0
2010-04-15 21:05:19,990 - INFO - getfav,r:{"r": [{"Aero": "?act=board&board=Aero"}, {"DigiImage": "?act=board&board=DigiImage"}, {"FamilyLife": "?act=board&board=FamilyLife"}, {"Love": "?act=board&board=Love"}, {"Marvel": "?act=board&board=Marvel"}, {"Photo": "?act=board&board=Photo"}, {"Test": "?act=board&board=Test"}], "l": 1}
2010-04-15 21:08:13,770 - INFO - login user:datastream,r:0
2010-04-15 21:08:16,070 - INFO - getfav,r:{"r": [{"Aero": "?act=board&board=Aero"}, {"DigiImage": "?act=board&board=DigiImage"}, {"FamilyLife": "?act=board&board=FamilyLife"}, {"Love": "?act=board&board=Love"}, {"Marvel": "?act=board&board=Marvel"}, {"Photo": "?act=board&board=Photo"}, {"Test": "?act=board&board=Test"}], "l": 1}
2010-04-15 21:09:03,275 - INFO - {"r": 0, "l": 1}
2010-04-15 21:09:51,539 - INFO - login user:datastream,r:0
2010-04-15 21:09:53,862 - INFO - getfav,r:{"r": [{"Aero": "?act=board&board=Aero"}, {"DigiImage": "?act=board&board=DigiImage"}, {"FamilyLife": "?act=board&board=FamilyLife"}, {"Love": "?act=board&board=Love"}, {"Marvel": "?act=board&board=Marvel"}, {"Photo": "?act=board&board=Photo"}, {"Test": "?act=board&board=Test"}], "l": 1}
2010-04-15 21:26:09,657 - INFO - login user:datastream,r:0
2010-04-15 21:26:11,557 - INFO - getfav,r:{"r": [{"Aero": "?act=board&board=Aero"}, {"DigiImage": "?act=board&board=DigiImage"}, {"FamilyLife": "?act=board&board=FamilyLife"}, {"Love": "?act=board&board=Love"}, {"Marvel": "?act=board&board=Marvel"}, {"Photo": "?act=board&board=Photo"}, {"Test": "?act=board&board=Test"}], "l": 1}
2010-04-15 21:34:19,465 - INFO - login user:datastream,r:0
2010-04-15 21:34:27,895 - INFO - getfav,r:{"r": [{"Aero": "?act=board&board=Aero"}, {"DigiImage": "?act=board&board=DigiImage"}, {"FamilyLife": "?act=board&board=FamilyLife"}, {"Love": "?act=board&board=Love"}, {"Marvel": "?act=board&board=Marvel"}, {"Photo": "?act=board&board=Photo"}, {"Test": "?act=board&board=Test"}], "l": 1}
2010-04-15 21:43:05,007 - INFO - login user:oasis2k,r:0
2010-04-15 21:43:27,860 - INFO - getfav,r:{"r": [{"Aero": "?act=board&board=Aero"}, {"Apple": "?act=board&board=Apple"}, {"Firefox": "?act=board&board=Firefox"}, {"GoogleTech": "?act=board&board=GoogleTech"}, {"History": "?act=board&board=History"}, {"ITExpress": "?act=board&board=ITExpress"}, {"Java": "?act=board&board=Java"}, {"Joke": "?act=board&board=Joke"}, {"KDE_Qt": "?act=board&board=KDE_Qt"}, {"KernelTech": "?act=board&board=KernelTech"}, {"LinuxApp": "?act=board&board=LinuxApp"}, {"LinuxDev": "?act=board&board=LinuxDev"}, {"MilitaryTech": "?act=board&board=MilitaryTech"}, {"MilitaryView": "?act=board&board=MilitaryView"}, {"MobileDev": "?act=board&board=MobileDev"}, {"Modern_CHN": "?act=board&board=Modern_CHN"}, {"Photo": "?act=board&board=Photo"}, {"PocketLife": "?act=board&board=PocketLife"}, {"Python": "?act=board&board=Python"}, {"WebDev": "?act=board&board=WebDev"}, {"WebGeeks": "?act=board&board=WebGeeks"}, {"WorkLife": "?act=board&board=WorkLife"}, {"XWindow": "?act=board&board=XWindow"}], "l": 1}
2010-04-15 21:43:54,990 - INFO - login user:datastream,r:0
2010-04-15 21:43:57,110 - INFO - getfav,r:{"r": [{"Aero": "?act=board&board=Aero"}, {"DigiImage": "?act=board&board=DigiImage"}, {"FamilyLife": "?act=board&board=FamilyLife"}, {"Love": "?act=board&board=Love"}, {"Marvel": "?act=board&board=Marvel"}, {"Photo": "?act=board&board=Photo"}, {"Test": "?act=board&board=Test"}], "l": 1}
2010-04-15 21:44:04,358 - INFO - getfav,r:{"r": [{"Aero": "?act=board&board=Aero"}, {"DigiImage": "?act=board&board=DigiImage"}, {"FamilyLife": "?act=board&board=FamilyLife"}, {"Love": "?act=board&board=Love"}, {"Marvel": "?act=board&board=Marvel"}, {"Photo": "?act=board&board=Photo"}, {"Test": "?act=board&board=Test"}], "l": 1}
2010-04-15 21:52:17,714 - INFO - login user:oasis2k,r:0
2010-04-15 21:52:25,550 - INFO - getfav,r:{"r": [{"Aero": "?act=board&board=Aero"}, {"Apple": "?act=board&board=Apple"}, {"Firefox": "?act=board&board=Firefox"}, {"GoogleTech": "?act=board&board=GoogleTech"}, {"History": "?act=board&board=History"}, {"ITExpress": "?act=board&board=ITExpress"}, {"Java": "?act=board&board=Java"}, {"Joke": "?act=board&board=Joke"}, {"KDE_Qt": "?act=board&board=KDE_Qt"}, {"KernelTech": "?act=board&board=KernelTech"}, {"LinuxApp": "?act=board&board=LinuxApp"}, {"LinuxDev": "?act=board&board=LinuxDev"}, {"MilitaryTech": "?act=board&board=MilitaryTech"}, {"MilitaryView": "?act=board&board=MilitaryView"}, {"MobileDev": "?act=board&board=MobileDev"}, {"Modern_CHN": "?act=board&board=Modern_CHN"}, {"Photo": "?act=board&board=Photo"}, {"PocketLife": "?act=board&board=PocketLife"}, {"Python": "?act=board&board=Python"}, {"WebDev": "?act=board&board=WebDev"}, {"WebGeeks": "?act=board&board=WebGeeks"}, {"WorkLife": "?act=board&board=WorkLife"}, {"XWindow": "?act=board&board=XWindow"}], "l": 1}
2010-04-15 21:52:37,277 - INFO - login user:datastream,r:0
2010-04-15 21:52:44,210 - INFO - getfav,r:{"r": [{"Aero": "?act=board&board=Aero"}, {"DigiImage": "?act=board&board=DigiImage"}, {"FamilyLife": "?act=board&board=FamilyLife"}, {"Love": "?act=board&board=Love"}, {"Marvel": "?act=board&board=Marvel"}, {"Photo": "?act=board&board=Photo"}, {"Test": "?act=board&board=Test"}], "l": 1}
2010-04-15 21:52:48,692 - INFO - getfav,r:{"r": [{"Aero": "?act=board&board=Aero"}, {"Apple": "?act=board&board=Apple"}, {"Firefox": "?act=board&board=Firefox"}, {"GoogleTech": "?act=board&board=GoogleTech"}, {"History": "?act=board&board=History"}, {"ITExpress": "?act=board&board=ITExpress"}, {"Java": "?act=board&board=Java"}, {"Joke": "?act=board&board=Joke"}, {"KDE_Qt": "?act=board&board=KDE_Qt"}, {"KernelTech": "?act=board&board=KernelTech"}, {"LinuxApp": "?act=board&board=LinuxApp"}, {"LinuxDev": "?act=board&board=LinuxDev"}, {"MilitaryTech": "?act=board&board=MilitaryTech"}, {"MilitaryView": "?act=board&board=MilitaryView"}, {"MobileDev": "?act=board&board=MobileDev"}, {"Modern_CHN": "?act=board&board=Modern_CHN"}, {"Photo": "?act=board&board=Photo"}, {"PocketLife": "?act=board&board=PocketLife"}, {"Python": "?act=board&board=Python"}, {"WebDev": "?act=board&board=WebDev"}, {"WebGeeks": "?act=board&board=WebGeeks"}, {"WorkLife": "?act=board&board=WorkLife"}, {"XWindow": "?act=board&board=XWindow"}], "l": 1}
2010-04-15 21:52:55,037 - INFO - getfav,r:{"r": [{"Aero": "?act=board&board=Aero"}, {"Apple": "?act=board&board=Apple"}, {"Firefox": "?act=board&board=Firefox"}, {"GoogleTech": "?act=board&board=GoogleTech"}, {"History": "?act=board&board=History"}, {"ITExpress": "?act=board&board=ITExpress"}, {"Java": "?act=board&board=Java"}, {"Joke": "?act=board&board=Joke"}, {"KDE_Qt": "?act=board&board=KDE_Qt"}, {"KernelTech": "?act=board&board=KernelTech"}, {"LinuxApp": "?act=board&board=LinuxApp"}, {"LinuxDev": "?act=board&board=LinuxDev"}, {"MilitaryTech": "?act=board&board=MilitaryTech"}, {"MilitaryView": "?act=board&board=MilitaryView"}, {"MobileDev": "?act=board&board=MobileDev"}, {"Modern_CHN": "?act=board&board=Modern_CHN"}, {"Photo": "?act=board&board=Photo"}, {"PocketLife": "?act=board&board=PocketLife"}, {"Python": "?act=board&board=Python"}, {"WebDev": "?act=board&board=WebDev"}, {"WebGeeks": "?act=board&board=WebGeeks"}, {"WorkLife": "?act=board&board=WorkLife"}, {"XWindow": "?act=board&board=XWindow"}], "l": 1}
2010-04-15 21:53:12,547 - INFO - login user:datastream,r:0
2010-04-15 21:53:20,968 - INFO - getfav,r:{"r": [{"Aero": "?act=board&board=Aero"}, {"DigiImage": "?act=board&board=DigiImage"}, {"FamilyLife": "?act=board&board=FamilyLife"}, {"Love": "?act=board&board=Love"}, {"Marvel": "?act=board&board=Marvel"}, {"Photo": "?act=board&board=Photo"}, {"Test": "?act=board&board=Test"}], "l": 1}
2010-04-15 21:53:26,909 - INFO - getfav,r:{"r": [{"Aero": "?act=board&board=Aero"}, {"Apple": "?act=board&board=Apple"}, {"Firefox": "?act=board&board=Firefox"}, {"GoogleTech": "?act=board&board=GoogleTech"}, {"History": "?act=board&board=History"}, {"ITExpress": "?act=board&board=ITExpress"}, {"Java": "?act=board&board=Java"}, {"Joke": "?act=board&board=Joke"}, {"KDE_Qt": "?act=board&board=KDE_Qt"}, {"KernelTech": "?act=board&board=KernelTech"}, {"LinuxApp": "?act=board&board=LinuxApp"}, {"LinuxDev": "?act=board&board=LinuxDev"}, {"MilitaryTech": "?act=board&board=MilitaryTech"}, {"MilitaryView": "?act=board&board=MilitaryView"}, {"MobileDev": "?act=board&board=MobileDev"}, {"Modern_CHN": "?act=board&board=Modern_CHN"}, {"Photo": "?act=board&board=Photo"}, {"PocketLife": "?act=board&board=PocketLife"}, {"Python": "?act=board&board=Python"}, {"WebDev": "?act=board&board=WebDev"}, {"WebGeeks": "?act=board&board=WebGeeks"}, {"WorkLife": "?act=board&board=WorkLife"}, {"XWindow": "?act=board&board=XWindow"}], "l": 1}
2010-04-15 21:54:20,120 - INFO - getfav,r:{"r": [{"Aero": "?act=board&board=Aero"}, {"Apple": "?act=board&board=Apple"}, {"Firefox": "?act=board&board=Firefox"}, {"GoogleTech": "?act=board&board=GoogleTech"}, {"History": "?act=board&board=History"}, {"ITExpress": "?act=board&board=ITExpress"}, {"Java": "?act=board&board=Java"}, {"Joke": "?act=board&board=Joke"}, {"KDE_Qt": "?act=board&board=KDE_Qt"}, {"KernelTech": "?act=board&board=KernelTech"}, {"LinuxApp": "?act=board&board=LinuxApp"}, {"LinuxDev": "?act=board&board=LinuxDev"}, {"MilitaryTech": "?act=board&board=MilitaryTech"}, {"MilitaryView": "?act=board&board=MilitaryView"}, {"MobileDev": "?act=board&board=MobileDev"}, {"Modern_CHN": "?act=board&board=Modern_CHN"}, {"Photo": "?act=board&board=Photo"}, {"PocketLife": "?act=board&board=PocketLife"}, {"Python": "?act=board&board=Python"}, {"WebDev": "?act=board&board=WebDev"}, {"WebGeeks": "?act=board&board=WebGeeks"}, {"WorkLife": "?act=board&board=WorkLife"}, {"XWindow": "?act=board&board=XWindow"}], "l": 1}
2010-04-15 22:23:26,859 - INFO - login user:datastream,r:0
2010-04-15 22:25:14,350 - INFO - login user:oasis2k,r:0
2010-04-15 22:25:48,031 - INFO - login user:oasis2k,r:0
2010-04-15 22:58:13,742 - INFO - login user:oasis2k,r:0
2010-04-15 22:58:55,701 - INFO - login user:oasis2k,r:0
2010-04-15 23:05:25,264 - INFO - login user:oasis2k,r:0
2010-04-15 23:06:04,874 - ERROR - login key not found 
2010-04-15 23:07:16,055 - INFO - login user:datastream,r:0
2010-04-15 23:07:37,384 - ERROR - login key not found 
2010-04-15 23:11:49,976 - INFO - login user:oasis2k,r:0
2010-04-15 23:12:01,630 - INFO - getfav,r:{"r": [], "l": 1}
2010-04-15 23:13:57,512 - INFO - login user:oasis2k,r:0
2010-04-15 23:14:03,908 - INFO - getfav,r:{"r": [{"Aero": "?act=board&board=Aero"}, {"Apple": "?act=board&board=Apple"}, {"Firefox": "?act=board&board=Firefox"}, {"GoogleTech": "?act=board&board=GoogleTech"}, {"History": "?act=board&board=History"}, {"ITExpress": "?act=board&board=ITExpress"}, {"Java": "?act=board&board=Java"}, {"Joke": "?act=board&board=Joke"}, {"KDE_Qt": "?act=board&board=KDE_Qt"}, {"KernelTech": "?act=board&board=KernelTech"}, {"LinuxApp": "?act=board&board=LinuxApp"}, {"LinuxDev": "?act=board&board=LinuxDev"}, {"MilitaryTech": "?act=board&board=MilitaryTech"}, {"MilitaryView": "?act=board&board=MilitaryView"}, {"MobileDev": "?act=board&board=MobileDev"}, {"Modern_CHN": "?act=board&board=Modern_CHN"}, {"Photo": "?act=board&board=Photo"}, {"PocketLife": "?act=board&board=PocketLife"}, {"Python": "?act=board&board=Python"}, {"WebDev": "?act=board&board=WebDev"}, {"WebGeeks": "?act=board&board=WebGeeks"}, {"WorkLife": "?act=board&board=WorkLife"}, {"XWindow": "?act=board&board=XWindow"}], "l": 1}
2010-04-15 23:21:17,238 - INFO - login user:oasis2k,r:0
2010-04-15 23:21:25,728 - ERROR - login key not found 
2010-04-15 23:21:30,274 - ERROR - login key not found 
2010-04-15 23:21:31,855 - ERROR - login key not found 
2010-04-15 23:21:32,513 - ERROR - login key not found 
2010-04-15 23:21:32,978 - ERROR - login key not found 
2010-04-15 23:21:33,170 - ERROR - login key not found 
2010-04-15 23:21:51,795 - ERROR - login key not found 
2010-04-15 23:22:17,814 - ERROR - login key not found 
2010-04-15 23:23:35,471 - INFO - login user:oasis2k,r:0
2010-04-15 23:23:51,191 - INFO - getfav,r:{"r": [{"Aero": "?act=board&board=Aero"}, {"Apple": "?act=board&board=Apple"}, {"Firefox": "?act=board&board=Firefox"}, {"GoogleTech": "?act=board&board=GoogleTech"}, {"History": "?act=board&board=History"}, {"ITExpress": "?act=board&board=ITExpress"}, {"Java": "?act=board&board=Java"}, {"Joke": "?act=board&board=Joke"}, {"KDE_Qt": "?act=board&board=KDE_Qt"}, {"KernelTech": "?act=board&board=KernelTech"}, {"LinuxApp": "?act=board&board=LinuxApp"}, {"LinuxDev": "?act=board&board=LinuxDev"}, {"MilitaryTech": "?act=board&board=MilitaryTech"}, {"MilitaryView": "?act=board&board=MilitaryView"}, {"MobileDev": "?act=board&board=MobileDev"}, {"Modern_CHN": "?act=board&board=Modern_CHN"}, {"Photo": "?act=board&board=Photo"}, {"PocketLife": "?act=board&board=PocketLife"}, {"Python": "?act=board&board=Python"}, {"WebDev": "?act=board&board=WebDev"}, {"WebGeeks": "?act=board&board=WebGeeks"}, {"WorkLife": "?act=board&board=WorkLife"}, {"XWindow": "?act=board&board=XWindow"}], "l": 1}
2010-04-15 23:23:54,841 - ERROR - login key not found 
2010-04-15 23:27:56,447 - ERROR - login key not found 
2010-04-15 23:29:10,344 - ERROR - login key not found 
2010-04-15 23:31:39,925 - ERROR - login key not found 
2010-04-15 23:32:10,133 - INFO - getfav,r:{"r": [{"Aero": "?act=board&board=Aero"}, {"Apple": "?act=board&board=Apple"}, {"Firefox": "?act=board&board=Firefox"}, {"GoogleTech": "?act=board&board=GoogleTech"}, {"History": "?act=board&board=History"}, {"ITExpress": "?act=board&board=ITExpress"}, {"Java": "?act=board&board=Java"}, {"Joke": "?act=board&board=Joke"}, {"KDE_Qt": "?act=board&board=KDE_Qt"}, {"KernelTech": "?act=board&board=KernelTech"}, {"LinuxApp": "?act=board&board=LinuxApp"}, {"LinuxDev": "?act=board&board=LinuxDev"}, {"MilitaryTech": "?act=board&board=MilitaryTech"}, {"MilitaryView": "?act=board&board=MilitaryView"}, {"MobileDev": "?act=board&board=MobileDev"}, {"Modern_CHN": "?act=board&board=Modern_CHN"}, {"Photo": "?act=board&board=Photo"}, {"PocketLife": "?act=board&board=PocketLife"}, {"Python": "?act=board&board=Python"}, {"WebDev": "?act=board&board=WebDev"}, {"WebGeeks": "?act=board&board=WebGeeks"}, {"WorkLife": "?act=board&board=WorkLife"}, {"XWindow": "?act=board&board=XWindow"}], "l": 1}
2010-04-15 23:32:30,846 - INFO - {"r": 0, "l": 1}
2010-04-15 23:33:42,635 - ERROR - login key not found 
2010-04-15 23:48:37,172 - INFO - login user:oasis2k,r:0
2010-04-15 23:49:06,532 - INFO - login user:oasis2k,r:0
2010-04-15 23:54:06,249 - INFO - login user:datastream,r:0
2010-04-15 23:54:10,869 - INFO - getfav,r:{"r": [{"Aero": "?act=board&board=Aero"}, {"DigiImage": "?act=board&board=DigiImage"}, {"FamilyLife": "?act=board&board=FamilyLife"}, {"Love": "?act=board&board=Love"}, {"Marvel": "?act=board&board=Marvel"}, {"Photo": "?act=board&board=Photo"}, {"Test": "?act=board&board=Test"}], "l": 1}
2010-04-16 02:40:02,738 - INFO - getfav,r:{"r": [], "l": 1}
2010-04-16 02:40:36,811 - INFO - login user:datastream,r:0
2010-04-16 02:40:50,736 - INFO - getfav,r:{"r": [{"Aero": "?act=board&board=Aero"}, {"DigiImage": "?act=board&board=DigiImage"}, {"FamilyLife": "?act=board&board=FamilyLife"}, {"Love": "?act=board&board=Love"}, {"Marvel": "?act=board&board=Marvel"}, {"Photo": "?act=board&board=Photo"}, {"Test": "?act=board&board=Test"}], "l": 1}
2010-04-16 02:40:55,640 - INFO - getfav,r:{"r": [], "l": 1}
2010-04-16 02:43:50,977 - ERROR - login key not found 
2010-04-16 02:46:13,636 - ERROR - login key not found 
2010-04-16 02:55:03,192 - INFO - login user:datastream,r:0
2010-04-16 02:55:08,669 - INFO - getfav,r:{"r": [{"Aero": "?act=board&board=Aero"}, {"DigiImage": "?act=board&board=DigiImage"}, {"FamilyLife": "?act=board&board=FamilyLife"}, {"Love": "?act=board&board=Love"}, {"Marvel": "?act=board&board=Marvel"}, {"Photo": "?act=board&board=Photo"}, {"Test": "?act=board&board=Test"}], "l": 1}
2010-04-16 02:55:19,024 - INFO - logout key:2605891374
2010-04-16 02:55:21,886 - WARNING - logout a invalid key
2010-04-16 02:55:21,886 - INFO - logout key:2605891374
